<?xml version="1.0" encoding="UTF-8"?>
<!-- Generated by org.testng.reporters.JUnitXMLReporter -->
<testsuite hostname="Ripunjaya-PC" ignored="0" name="Test" tests="1" failures="0" timestamp="02 Jun 2017 02:18:54 GMT" time="0.11" errors="0">
  <testcase name="@BeforeClass beforeClass" time="0.078" classname="com.mediamath.mediamathtesting.MediaMathTest">
    <failure type="java.lang.IllegalStateException" message="The path to the driver executable must be set by the webdriver.chrome.driver system property; for more information, see https://github.com/SeleniumHQ/selenium/wiki/ChromeDriver. The latest version can be downloaded from http://chromedriver.storage.googleapis.com/index.html">
      <![CDATA[java.lang.IllegalStateException: The path to the driver executable must be set by the webdriver.chrome.driver system property; for more information, see https://github.com/SeleniumHQ/selenium/wiki/ChromeDriver. The latest version can be downloaded from http://chromedriver.storage.googleapis.com/index.html
	at com.google.common.base.Preconditions.checkState(Preconditions.java:738)
	at org.openqa.selenium.remote.service.DriverService.findExecutable(DriverService.java:124)
	at org.openqa.selenium.chrome.ChromeDriverService.access$000(ChromeDriverService.java:32)
	at org.openqa.selenium.chrome.ChromeDriverService$Builder.findDefaultExecutable(ChromeDriverService.java:137)
	at org.openqa.selenium.remote.service.DriverService$Builder.build(DriverService.java:330)
	at org.openqa.selenium.chrome.ChromeDriverService.createDefaultService(ChromeDriverService.java:88)
	at org.openqa.selenium.chrome.ChromeDriver.<init>(ChromeDriver.java:124)
	at com.mediamath.mediamathtesting.MediaMathTest.beforeClass(MediaMathTest.java:14)
... Removed 25 stack frames]]>
    </failure>
  </testcase> <!-- @BeforeClass beforeClass -->
  <testcase name="@AfterClass afterClass" time="0.0" classname="com.mediamath.mediamathtesting.MediaMathTest">
    <skipped/>
  </testcase> <!-- @AfterClass afterClass -->
  <testcase name="testMediaMath" time="0.001" classname="com.mediamath.mediamathtesting.MediaMathTest">
    <skipped/>
  </testcase> <!-- testMediaMath -->
</testsuite> <!-- Test -->
